[2020-08-08T18:03:43.278] [DEBUG] cheese - login => username:admin,password:123456
[2020-08-08T18:03:43.279] [DEBUG] cheese - admin
[2020-08-08T18:03:43.307] [DEBUG] cheese - null
[2020-08-08T18:03:43.308] [DEBUG] cheese - null
[2020-08-09T08:48:15.348] [DEBUG] cheese - login => username:admin,password:123456
[2020-08-09T08:48:15.349] [DEBUG] cheese - admin
[2020-08-09T08:48:15.358] [DEBUG] cheese - null
[2020-08-09T08:48:15.359] [DEBUG] cheese - null
[2020-08-09T08:57:39.947] [DEBUG] cheese - login => username:admin,password:123456
[2020-08-09T08:57:39.947] [DEBUG] cheese - admin
[2020-08-09T08:57:39.949] [DEBUG] cheese - null
[2020-08-09T08:57:39.949] [DEBUG] cheese - null
[2020-08-09T09:01:24.897] [DEBUG] cheese - login => username:admin,password:123456
[2020-08-09T09:01:24.898] [DEBUG] cheese - admin
[2020-08-09T09:01:24.899] [DEBUG] cheese - null
[2020-08-09T09:01:24.899] [DEBUG] cheese - null
[2020-08-09T09:01:32.248] [DEBUG] cheese - login => username:111,password:123456
[2020-08-09T09:01:32.248] [DEBUG] cheese - 111
[2020-08-09T09:01:32.249] [DEBUG] cheese - null
[2020-08-09T09:01:32.249] [DEBUG] cheese - null
[2020-08-09T09:39:45.116] [DEBUG] cheese - login => username:1111,password:123456
[2020-08-09T09:39:45.116] [DEBUG] cheese - 1111
[2020-08-09T09:39:45.118] [DEBUG] cheese - null
[2020-08-09T09:39:45.118] [DEBUG] cheese - null
[2020-08-09T09:39:47.962] [DEBUG] cheese - login => username:1111,password:123456
[2020-08-09T09:39:47.962] [DEBUG] cheese - 1111
[2020-08-09T09:39:47.963] [DEBUG] cheese - null
[2020-08-09T09:39:47.964] [DEBUG] cheese - null
[2020-08-09T09:39:48.938] [DEBUG] cheese - login => username:1111,password:123456
[2020-08-09T09:39:48.938] [DEBUG] cheese - 1111
[2020-08-09T09:39:48.939] [DEBUG] cheese - null
[2020-08-09T09:39:48.939] [DEBUG] cheese - null
[2020-08-09T09:40:05.310] [DEBUG] cheese - login => username:admin,password:123456
[2020-08-09T09:40:05.310] [DEBUG] cheese - admin
[2020-08-09T09:40:05.311] [DEBUG] cheese - null
[2020-08-09T09:40:05.311] [DEBUG] cheese - null
[2020-08-09T09:40:11.573] [DEBUG] cheese - login => username:1111,password:123456
[2020-08-09T09:40:11.573] [DEBUG] cheese - 1111
[2020-08-09T09:40:11.574] [DEBUG] cheese - null
[2020-08-09T09:40:11.574] [DEBUG] cheese - null
[2020-08-09T09:40:35.259] [DEBUG] cheese - login => username:zs121212,password:123456
[2020-08-09T09:40:35.259] [DEBUG] cheese - zs121212
[2020-08-09T09:40:35.260] [DEBUG] cheese - null
[2020-08-09T09:40:35.260] [DEBUG] cheese - null
[2020-08-09T09:40:38.834] [DEBUG] cheese - login => username:zs121212,password:123456
[2020-08-09T09:40:38.834] [DEBUG] cheese - zs121212
[2020-08-09T09:40:38.835] [DEBUG] cheese - null
[2020-08-09T09:40:38.835] [DEBUG] cheese - null
[2020-08-09T09:42:04.607] [DEBUG] cheese - login => username:admin,password:123456
[2020-08-09T09:42:04.607] [DEBUG] cheese - admin
[2020-08-09T09:42:04.608] [DEBUG] cheese - null
[2020-08-09T09:42:04.609] [DEBUG] cheese - null
[2020-08-09T09:42:11.835] [DEBUG] cheese - login => username:ad111,password:123456
[2020-08-09T09:42:11.835] [DEBUG] cheese - ad111
[2020-08-09T09:42:11.836] [DEBUG] cheese - null
[2020-08-09T09:42:11.836] [DEBUG] cheese - null
[2020-08-09T09:42:23.444] [DEBUG] cheese - login => username:admin,password:123456
[2020-08-09T09:42:23.444] [DEBUG] cheese - admin
[2020-08-09T09:42:23.445] [DEBUG] cheese - null
[2020-08-09T09:42:23.445] [DEBUG] cheese - null
[2020-08-09T09:42:26.121] [DEBUG] cheese - login => username:admin,password:123456
[2020-08-09T09:42:26.122] [DEBUG] cheese - admin
[2020-08-09T09:42:26.123] [DEBUG] cheese - null
[2020-08-09T09:42:26.123] [DEBUG] cheese - null
[2020-08-09T09:42:38.852] [DEBUG] cheese - login => username:admin111,password:123456
[2020-08-09T09:42:38.852] [DEBUG] cheese - admin111
[2020-08-09T09:42:38.853] [DEBUG] cheese - null
[2020-08-09T09:42:38.853] [DEBUG] cheese - null
[2020-08-09T09:42:42.625] [DEBUG] cheese - login => username:adm,password:123456
[2020-08-09T09:42:42.625] [DEBUG] cheese - adm
[2020-08-09T09:42:42.626] [DEBUG] cheese - null
[2020-08-09T09:42:42.626] [DEBUG] cheese - null
[2020-08-09T09:42:45.494] [DEBUG] cheese - login => username:admin,password:123456
[2020-08-09T09:42:45.494] [DEBUG] cheese - admin
[2020-08-09T09:42:45.495] [DEBUG] cheese - null
[2020-08-09T09:42:45.495] [DEBUG] cheese - null
[2020-08-09T09:49:36.157] [DEBUG] cheese - login => username:admin,password:123456
[2020-08-09T09:49:36.158] [DEBUG] cheese - admin
[2020-08-09T09:49:36.160] [DEBUG] cheese - null
[2020-08-09T09:49:36.160] [DEBUG] cheese - null
[2020-08-09T09:53:41.629] [DEBUG] cheese - login => username:admin,password:123456
[2020-08-09T09:53:41.629] [DEBUG] cheese - admin
[2020-08-09T09:53:41.631] [DEBUG] cheese - null
[2020-08-09T09:53:41.632] [DEBUG] cheese - null
[2020-08-09T09:54:39.446] [DEBUG] cheese - login => username:admin,password:123456
[2020-08-09T09:54:39.446] [DEBUG] cheese - admin
[2020-08-09T09:54:39.447] [DEBUG] cheese - null
[2020-08-09T09:54:39.447] [DEBUG] cheese - null
[2020-08-09T09:55:01.094] [DEBUG] cheese - login => username:admin,password:123456
[2020-08-09T09:55:01.094] [DEBUG] cheese - admin
[2020-08-09T09:55:01.096] [DEBUG] cheese - null
[2020-08-09T09:55:01.096] [DEBUG] cheese - null
[2020-08-09T09:55:07.694] [DEBUG] cheese - login => username:admin,password:123456
[2020-08-09T09:55:07.694] [DEBUG] cheese - admin
[2020-08-09T09:55:07.695] [DEBUG] cheese - null
[2020-08-09T09:55:07.695] [DEBUG] cheese - null
[2020-08-09T09:55:34.245] [DEBUG] cheese - login => username:admin,password:123456
[2020-08-09T09:55:34.245] [DEBUG] cheese - admin
[2020-08-09T09:55:34.247] [DEBUG] cheese - null
[2020-08-09T09:55:34.247] [DEBUG] cheese - null
[2020-08-09T10:02:20.950] [DEBUG] cheese - login => username:admin,password:123456
[2020-08-09T10:02:20.950] [DEBUG] cheese - admin
[2020-08-09T10:02:20.951] [DEBUG] cheese - null
[2020-08-09T10:02:20.951] [DEBUG] cheese - null
[2020-08-09T10:24:56.636] [DEBUG] cheese - login => username:admin,password:123456
[2020-08-09T10:24:56.636] [DEBUG] cheese - admin
[2020-08-09T10:24:56.638] [DEBUG] cheese - null
[2020-08-09T10:24:56.638] [DEBUG] cheese - null
[2020-08-09T10:25:01.967] [DEBUG] cheese - login => username:admin,password:123456
[2020-08-09T10:25:01.968] [DEBUG] cheese - admin
[2020-08-09T10:25:01.969] [DEBUG] cheese - null
[2020-08-09T10:25:01.969] [DEBUG] cheese - null
[2020-08-09T10:56:26.776] [DEBUG] cheese - login => username:admin,password:123456
[2020-08-09T10:56:26.777] [DEBUG] cheese - admin
[2020-08-09T10:56:26.778] [DEBUG] cheese - null
[2020-08-09T10:56:26.778] [DEBUG] cheese - null
[2020-08-09T12:40:02.390] [DEBUG] cheese - login => username:admin,password:123456
[2020-08-09T12:40:02.391] [DEBUG] cheese - admin
[2020-08-09T12:40:02.395] [DEBUG] cheese - null
[2020-08-09T12:40:02.395] [DEBUG] cheese - null
[2020-08-09T12:40:12.175] [DEBUG] cheese - login => username:admin,password:123456
[2020-08-09T12:40:12.175] [DEBUG] cheese - admin
[2020-08-09T12:40:12.176] [DEBUG] cheese - null
[2020-08-09T12:40:12.176] [DEBUG] cheese - null
[2020-08-09T12:42:44.641] [DEBUG] cheese - login => username:admin,password:123456
[2020-08-09T12:42:44.641] [DEBUG] cheese - admin
[2020-08-09T12:42:44.642] [DEBUG] cheese - null
[2020-08-09T12:42:44.642] [DEBUG] cheese - null
[2020-08-09T13:12:05.184] [DEBUG] cheese - login => username:admin,password:123456
[2020-08-09T13:12:05.184] [DEBUG] cheese - admin
[2020-08-09T13:12:05.186] [DEBUG] cheese - null
[2020-08-09T13:12:05.186] [DEBUG] cheese - null
[2020-08-09T15:44:37.140] [DEBUG] cheese - login => username:admin,password:123456
[2020-08-09T15:44:37.140] [DEBUG] cheese - admin
[2020-08-09T15:44:37.143] [DEBUG] cheese - null
[2020-08-09T15:44:37.143] [DEBUG] cheese - null
[2020-08-09T15:48:47.393] [DEBUG] cheese - login => username:admin,password:123456
[2020-08-09T15:48:47.393] [DEBUG] cheese - admin
[2020-08-09T15:48:47.394] [DEBUG] cheese - null
[2020-08-09T15:48:47.395] [DEBUG] cheese - null
[2020-08-10T09:36:20.567] [DEBUG] cheese - login => username:admin,password:123456
[2020-08-10T09:36:20.568] [DEBUG] cheese - admin
[2020-08-10T09:36:20.593] [DEBUG] cheese - null
[2020-08-10T09:36:20.593] [DEBUG] cheese - null
[2020-08-10T14:04:41.601] [DEBUG] cheese - login => username:admin,password:123456
[2020-08-10T14:04:41.602] [DEBUG] cheese - admin
[2020-08-10T14:04:41.604] [DEBUG] cheese - null
[2020-08-10T14:04:41.604] [DEBUG] cheese - null
[2020-08-10T14:10:39.003] [DEBUG] cheese - login => username:admin,password:123456
[2020-08-10T14:10:39.003] [DEBUG] cheese - admin
[2020-08-10T14:10:39.004] [DEBUG] cheese - null
[2020-08-10T14:10:39.004] [DEBUG] cheese - null
[2020-08-10T14:56:35.032] [DEBUG] cheese - login => username:admin,password:123456
[2020-08-10T14:56:35.033] [DEBUG] cheese - admin
[2020-08-10T14:56:35.034] [DEBUG] cheese - null
[2020-08-10T14:56:35.034] [DEBUG] cheese - null
[2020-08-10T16:20:37.081] [DEBUG] cheese - login => username:admin,password:123456
[2020-08-10T16:20:37.081] [DEBUG] cheese - admin
[2020-08-10T16:20:37.085] [DEBUG] cheese - null
[2020-08-10T16:20:37.086] [DEBUG] cheese - null
[2020-08-10T16:40:38.940] [DEBUG] cheese - login => username:admin,password:123456
[2020-08-10T16:40:38.940] [DEBUG] cheese - admin
[2020-08-10T16:40:38.942] [DEBUG] cheese - null
[2020-08-10T16:40:38.942] [DEBUG] cheese - null
[2020-08-11T08:16:30.986] [DEBUG] cheese - login => username:admin,password:123456
[2020-08-11T08:16:30.987] [DEBUG] cheese - admin
[2020-08-11T08:16:31.005] [DEBUG] cheese - null
[2020-08-11T08:16:31.005] [DEBUG] cheese - null
[2020-08-11T10:14:34.801] [DEBUG] cheese - login => username:admin,password:123456
[2020-08-11T10:14:34.802] [DEBUG] cheese - admin
[2020-08-11T10:14:34.804] [DEBUG] cheese - null
[2020-08-11T10:14:34.804] [DEBUG] cheese - null
[2020-08-11T10:23:09.104] [DEBUG] cheese - login => username:admin,password:123456
[2020-08-11T10:23:09.105] [DEBUG] cheese - admin
[2020-08-11T10:23:09.106] [DEBUG] cheese - null
[2020-08-11T10:23:09.106] [DEBUG] cheese - null
[2020-08-11T10:37:12.222] [DEBUG] cheese - null
[2020-08-11T15:16:33.137] [DEBUG] cheese - login => username:admin,password:123456
[2020-08-11T15:16:33.137] [DEBUG] cheese - admin
[2020-08-11T15:16:33.139] [DEBUG] cheese - null
[2020-08-11T15:16:33.139] [DEBUG] cheese - null
[2020-08-11T16:26:16.431] [DEBUG] cheese - login => username:admin,password:123456
[2020-08-11T16:26:16.432] [DEBUG] cheese - admin
[2020-08-11T16:26:16.435] [DEBUG] cheese - null
[2020-08-11T16:26:16.435] [DEBUG] cheese - null
[2020-08-11T16:30:19.888] [DEBUG] cheese - login => username:admin,password:123456
[2020-08-11T16:30:19.889] [DEBUG] cheese - admin
[2020-08-11T16:30:19.894] [DEBUG] cheese - null
[2020-08-11T16:30:19.895] [DEBUG] cheese - null
[2020-08-11T21:35:27.626] [DEBUG] cheese - login => username:admin,password:123456
[2020-08-11T21:35:27.627] [DEBUG] cheese - admin
[2020-08-11T21:35:27.631] [DEBUG] cheese - null
[2020-08-11T21:35:27.632] [DEBUG] cheese - null
[2020-08-12T08:29:38.896] [DEBUG] cheese - login => username:admin,password:123456
[2020-08-12T08:29:38.897] [DEBUG] cheese - admin
[2020-08-12T08:29:38.911] [DEBUG] cheese - null
[2020-08-12T08:29:38.911] [DEBUG] cheese - null
[2020-08-12T14:02:46.208] [DEBUG] cheese - login => username:admin,password:123456
[2020-08-12T14:02:46.210] [DEBUG] cheese - admin
[2020-08-12T14:02:46.212] [DEBUG] cheese - null
[2020-08-12T14:02:46.212] [DEBUG] cheese - null
[2020-08-12T18:55:54.973] [DEBUG] cheese - login => username:admin,password:123456
[2020-08-12T18:55:54.974] [DEBUG] cheese - admin
[2020-08-12T18:55:54.979] [DEBUG] cheese - null
[2020-08-12T18:55:54.979] [DEBUG] cheese - null
[2020-08-12T20:08:59.932] [DEBUG] cheese - login => username:admin,password:123456
[2020-08-12T20:08:59.933] [DEBUG] cheese - admin
[2020-08-12T20:08:59.937] [DEBUG] cheese - null
[2020-08-12T20:08:59.937] [DEBUG] cheese - null
[2020-08-13T08:25:22.364] [DEBUG] cheese - login => username:admin,password:123456
[2020-08-13T08:25:22.365] [DEBUG] cheese - admin
[2020-08-13T08:25:22.385] [DEBUG] cheese - null
[2020-08-13T08:25:22.385] [DEBUG] cheese - null
[2020-08-13T10:48:59.890] [DEBUG] cheese - login => username:admin,password:123456
[2020-08-13T10:48:59.891] [DEBUG] cheese - admin
[2020-08-13T10:48:59.894] [DEBUG] cheese - null
[2020-08-13T10:48:59.894] [DEBUG] cheese - null
[2020-08-13T10:57:46.581] [DEBUG] cheese - login => username:admin,password:123456
[2020-08-13T10:57:46.582] [DEBUG] cheese - admin
[2020-08-13T10:57:46.584] [DEBUG] cheese - null
[2020-08-13T10:57:46.585] [DEBUG] cheese - null
[2020-08-13T12:58:13.906] [DEBUG] cheese - login => username:admin,password:123456
[2020-08-13T12:58:13.907] [DEBUG] cheese - admin
[2020-08-13T12:58:13.910] [DEBUG] cheese - null
[2020-08-13T12:58:13.910] [DEBUG] cheese - null
[2020-08-13T16:48:14.871] [DEBUG] cheese - login => username:admin,password:123456
[2020-08-13T16:48:14.872] [DEBUG] cheese - admin
[2020-08-13T16:48:14.873] [DEBUG] cheese - null
[2020-08-13T16:48:14.874] [DEBUG] cheese - null
[2020-08-13T19:16:14.901] [DEBUG] cheese - login => username:admin,password:123456
[2020-08-13T19:16:14.902] [DEBUG] cheese - admin
[2020-08-13T19:16:14.905] [DEBUG] cheese - null
[2020-08-13T19:16:14.905] [DEBUG] cheese - null
[2020-08-13T21:48:35.689] [DEBUG] cheese - login => username:admin,password:123456
[2020-08-13T21:48:35.691] [DEBUG] cheese - admin
[2020-08-13T21:48:35.695] [DEBUG] cheese - null
[2020-08-13T21:48:35.695] [DEBUG] cheese - null
[2020-08-14T08:19:33.303] [DEBUG] cheese - login => username:admin,password:123456
[2020-08-14T08:19:33.305] [DEBUG] cheese - admin
[2020-08-14T08:19:33.328] [DEBUG] cheese - null
[2020-08-14T08:19:33.329] [DEBUG] cheese - null
[2020-08-14T08:20:10.335] [DEBUG] cheese - login => username:admin,password:123456
[2020-08-14T08:20:10.335] [DEBUG] cheese - admin
[2020-08-14T08:20:10.336] [DEBUG] cheese - null
[2020-08-14T08:20:10.336] [DEBUG] cheese - null
[2020-08-14T15:34:00.526] [DEBUG] cheese - null
[2020-08-14T15:42:08.941] [DEBUG] cheese - null
[2020-08-14T15:42:53.465] [DEBUG] cheese - null
[2020-08-14T16:02:30.150] [DEBUG] cheese - null
[2020-08-14T16:03:20.365] [DEBUG] cheese - null
[2020-08-14T16:03:26.951] [DEBUG] cheese - null
[2020-08-14T16:03:28.709] [DEBUG] cheese - null
[2020-08-14T16:03:40.774] [DEBUG] cheese - null
[2020-08-14T16:03:52.406] [DEBUG] cheese - null
[2020-08-14T16:04:09.700] [DEBUG] cheese - null
[2020-08-14T16:04:26.401] [DEBUG] cheese - null
[2020-08-14T16:04:42.235] [DEBUG] cheese - null
[2020-08-14T16:04:43.113] [DEBUG] cheese - null
[2020-08-14T16:04:43.338] [DEBUG] cheese - null
[2020-08-14T16:04:43.533] [DEBUG] cheese - null
[2020-08-14T16:04:43.720] [DEBUG] cheese - null
[2020-08-14T16:04:43.890] [DEBUG] cheese - null
[2020-08-14T16:04:44.075] [DEBUG] cheese - null
[2020-08-14T16:04:44.281] [DEBUG] cheese - null
[2020-08-14T16:04:44.459] [DEBUG] cheese - null
[2020-08-14T16:04:44.645] [DEBUG] cheese - null
[2020-08-14T16:04:44.827] [DEBUG] cheese - null
[2020-08-14T16:04:45.005] [DEBUG] cheese - null
[2020-08-14T16:04:45.179] [DEBUG] cheese - null
[2020-08-14T16:04:45.335] [DEBUG] cheese - null
[2020-08-14T16:04:51.633] [DEBUG] cheese - null
[2020-08-14T16:07:05.520] [DEBUG] cheese - null
[2020-08-14T16:07:37.616] [DEBUG] cheese - null
[2020-08-14T16:08:04.047] [DEBUG] cheese - null
[2020-08-14T16:08:08.153] [DEBUG] cheese - null
[2020-08-14T16:08:24.786] [DEBUG] cheese - null
[2020-08-14T16:43:26.100] [DEBUG] cheese - login => username:admin,password:123456
[2020-08-14T16:43:26.101] [DEBUG] cheese - admin
[2020-08-14T16:43:26.103] [DEBUG] cheese - null
[2020-08-14T16:43:26.103] [DEBUG] cheese - null
[2020-08-14T21:08:37.778] [DEBUG] cheese - login => username:admin,password:123456
[2020-08-14T21:08:37.778] [DEBUG] cheese - admin
[2020-08-14T21:08:37.780] [DEBUG] cheese - null
[2020-08-14T21:08:37.780] [DEBUG] cheese - null
[2020-08-14T21:29:01.685] [DEBUG] cheese - login => username:admin,password:123456
[2020-08-14T21:29:01.685] [DEBUG] cheese - admin
[2020-08-14T21:29:01.686] [DEBUG] cheese - null
[2020-08-14T21:29:01.686] [DEBUG] cheese - null
[2020-08-14T21:35:18.957] [DEBUG] cheese - login => username:admin,password:123456
[2020-08-14T21:35:18.957] [DEBUG] cheese - admin
[2020-08-14T21:35:18.959] [DEBUG] cheese - null
[2020-08-14T21:35:18.959] [DEBUG] cheese - null
[2020-08-14T21:36:06.706] [DEBUG] cheese - login => username:admin,password:123456
[2020-08-14T21:36:06.706] [DEBUG] cheese - admin
[2020-08-14T21:36:06.708] [DEBUG] cheese - null
[2020-08-14T21:36:06.708] [DEBUG] cheese - null
[2020-08-14T21:36:31.309] [DEBUG] cheese - login => username:admin,password:123456
[2020-08-14T21:36:31.309] [DEBUG] cheese - admin
[2020-08-14T21:36:31.310] [DEBUG] cheese - null
[2020-08-14T21:36:31.310] [DEBUG] cheese - null
[2020-08-14T21:39:51.901] [DEBUG] cheese - login => username:admin,password:123456
[2020-08-14T21:39:51.901] [DEBUG] cheese - admin
[2020-08-14T21:39:51.902] [DEBUG] cheese - null
[2020-08-14T21:39:51.902] [DEBUG] cheese - null
[2020-08-14T22:29:28.664] [DEBUG] cheese - login => username:admin,password:123456
[2020-08-14T22:29:28.664] [DEBUG] cheese - admin
[2020-08-14T22:29:28.671] [DEBUG] cheese - null
[2020-08-14T22:29:28.671] [DEBUG] cheese - null
[2020-08-14T22:29:42.922] [DEBUG] cheese - login => username:admin,password:123456
[2020-08-14T22:29:42.922] [DEBUG] cheese - admin
[2020-08-14T22:29:42.924] [DEBUG] cheese - null
[2020-08-14T22:29:42.924] [DEBUG] cheese - null
[2020-08-14T22:30:23.658] [DEBUG] cheese - login => username:admin,password:123456
[2020-08-14T22:30:23.658] [DEBUG] cheese - admin
[2020-08-14T22:30:23.659] [DEBUG] cheese - null
[2020-08-14T22:30:23.660] [DEBUG] cheese - null
[2020-08-14T22:33:04.567] [DEBUG] cheese - login => username:admin,password:123456
[2020-08-14T22:33:04.567] [DEBUG] cheese - admin
[2020-08-14T22:33:04.568] [DEBUG] cheese - null
[2020-08-14T22:33:04.568] [DEBUG] cheese - null
[2020-08-14T22:33:51.385] [DEBUG] cheese - login => username:admin,password:123456
[2020-08-14T22:33:51.386] [DEBUG] cheese - admin
[2020-08-14T22:33:51.393] [DEBUG] cheese - null
[2020-08-14T22:33:51.393] [DEBUG] cheese - null
[2020-08-14T22:36:21.613] [DEBUG] cheese - login => username:admin,password:123456
[2020-08-14T22:36:21.613] [DEBUG] cheese - admin
[2020-08-14T22:36:21.615] [DEBUG] cheese - null
[2020-08-14T22:36:21.615] [DEBUG] cheese - null
[2020-08-14T22:36:25.823] [DEBUG] cheese - login => username:admin,password:123456
[2020-08-14T22:36:25.823] [DEBUG] cheese - admin
[2020-08-14T22:36:25.825] [DEBUG] cheese - null
[2020-08-14T22:36:25.825] [DEBUG] cheese - null
[2020-08-14T22:36:32.613] [DEBUG] cheese - login => username:admin,password:123456
[2020-08-14T22:36:32.613] [DEBUG] cheese - admin
[2020-08-14T22:36:32.615] [DEBUG] cheese - null
[2020-08-14T22:36:32.615] [DEBUG] cheese - null
[2020-08-14T22:48:37.312] [DEBUG] cheese - login => username:admin,password:123456
[2020-08-14T22:48:37.313] [DEBUG] cheese - admin
[2020-08-14T22:48:37.319] [DEBUG] cheese - null
[2020-08-14T22:48:37.320] [DEBUG] cheese - null
[2020-08-14T22:50:45.073] [DEBUG] cheese - login => username:admin,password:123456
[2020-08-14T22:50:45.073] [DEBUG] cheese - admin
[2020-08-14T22:50:45.075] [DEBUG] cheese - null
[2020-08-14T22:50:45.075] [DEBUG] cheese - null
[2020-08-14T22:56:25.497] [DEBUG] cheese - login => username:admin,password:123456
[2020-08-14T22:56:25.497] [DEBUG] cheese - admin
[2020-08-14T22:56:25.499] [DEBUG] cheese - null
[2020-08-14T22:56:25.499] [DEBUG] cheese - null
[2020-08-14T23:01:53.680] [DEBUG] cheese - login => username:admin,password:123456
[2020-08-14T23:01:53.680] [DEBUG] cheese - admin
[2020-08-14T23:01:53.681] [DEBUG] cheese - null
[2020-08-14T23:01:53.681] [DEBUG] cheese - null
[2020-08-15T08:27:41.480] [DEBUG] cheese - login => username:admin,password:123456
[2020-08-15T08:27:41.481] [DEBUG] cheese - admin
[2020-08-15T08:27:41.498] [DEBUG] cheese - null
[2020-08-15T08:27:41.499] [DEBUG] cheese - null
[2020-08-15T09:41:17.382] [DEBUG] cheese - login => username:admin,password:123456
[2020-08-15T09:41:17.383] [DEBUG] cheese - admin
[2020-08-15T09:41:17.418] [DEBUG] cheese - null
[2020-08-15T09:41:17.418] [DEBUG] cheese - null
[2020-08-15T09:44:38.779] [DEBUG] cheese - login => username:admin,password:123456
[2020-08-15T09:44:38.780] [DEBUG] cheese - admin
[2020-08-15T09:44:38.782] [DEBUG] cheese - null
[2020-08-15T09:44:38.782] [DEBUG] cheese - null
[2020-08-15T09:58:48.526] [DEBUG] cheese - login => username:admin,password:123456
[2020-08-15T09:58:48.527] [DEBUG] cheese - admin
[2020-08-15T09:58:48.531] [DEBUG] cheese - null
[2020-08-15T09:58:48.531] [DEBUG] cheese - null
[2020-08-15T09:59:15.342] [DEBUG] cheese - login => username:admin,password:123456
[2020-08-15T09:59:15.342] [DEBUG] cheese - admin
[2020-08-15T09:59:15.346] [DEBUG] cheese - null
[2020-08-15T09:59:15.346] [DEBUG] cheese - null
[2020-08-15T10:01:00.371] [DEBUG] cheese - login => username:admin,password:123456
[2020-08-15T10:01:00.371] [DEBUG] cheese - admin
[2020-08-15T10:01:00.373] [DEBUG] cheese - null
[2020-08-15T10:01:00.373] [DEBUG] cheese - null
[2020-08-15T10:01:54.111] [DEBUG] cheese - login => username:admin,password:123456
[2020-08-15T10:01:54.112] [DEBUG] cheese - admin
[2020-08-15T10:01:54.115] [DEBUG] cheese - null
[2020-08-15T10:01:54.115] [DEBUG] cheese - null
[2020-08-15T10:02:59.445] [DEBUG] cheese - login => username:admin,password:123456
[2020-08-15T10:02:59.445] [DEBUG] cheese - admin
[2020-08-15T10:02:59.447] [DEBUG] cheese - null
[2020-08-15T10:02:59.447] [DEBUG] cheese - null
[2020-08-15T10:03:03.698] [DEBUG] cheese - login => username:admin,password:123456
[2020-08-15T10:03:03.698] [DEBUG] cheese - admin
[2020-08-15T10:03:03.699] [DEBUG] cheese - null
[2020-08-15T10:03:03.699] [DEBUG] cheese - null
[2020-08-15T10:03:41.738] [DEBUG] cheese - login => username:admin,password:123456
[2020-08-15T10:03:41.738] [DEBUG] cheese - admin
[2020-08-15T10:03:41.739] [DEBUG] cheese - null
[2020-08-15T10:03:41.740] [DEBUG] cheese - null
[2020-08-15T10:07:47.420] [DEBUG] cheese - login => username:admin,password:123456
[2020-08-15T10:07:47.420] [DEBUG] cheese - admin
[2020-08-15T10:07:47.423] [DEBUG] cheese - null
[2020-08-15T10:07:47.423] [DEBUG] cheese - null
[2020-08-15T10:12:16.639] [DEBUG] cheese - login => username:admin,password:123456
[2020-08-15T10:12:16.639] [DEBUG] cheese - admin
[2020-08-15T10:12:16.641] [DEBUG] cheese - null
[2020-08-15T10:12:16.641] [DEBUG] cheese - null
[2020-08-15T10:53:47.249] [DEBUG] cheese - login => username:admin,password:123456
[2020-08-15T10:53:47.250] [DEBUG] cheese - admin
[2020-08-15T10:53:47.251] [DEBUG] cheese - null
[2020-08-15T10:53:47.251] [DEBUG] cheese - null
[2020-08-15T11:05:29.649] [DEBUG] cheese - login => username:admin,password:123456
[2020-08-15T11:05:29.649] [DEBUG] cheese - admin
[2020-08-15T11:05:29.651] [DEBUG] cheese - null
[2020-08-15T11:05:29.651] [DEBUG] cheese - null
[2020-08-15T11:17:58.040] [DEBUG] cheese - login => username:admin,password:123456
[2020-08-15T11:17:58.042] [DEBUG] cheese - admin
[2020-08-15T11:17:58.046] [DEBUG] cheese - null
[2020-08-15T11:17:58.047] [DEBUG] cheese - null
[2020-08-15T13:01:02.912] [DEBUG] cheese - login => username:admin,password:123456
[2020-08-15T13:01:02.913] [DEBUG] cheese - admin
[2020-08-15T13:01:02.916] [DEBUG] cheese - null
[2020-08-15T13:01:02.917] [DEBUG] cheese - null
[2020-08-15T13:04:44.410] [DEBUG] cheese - login => username:admin,password:123456
[2020-08-15T13:04:44.410] [DEBUG] cheese - admin
[2020-08-15T13:04:44.411] [DEBUG] cheese - null
[2020-08-15T13:04:44.412] [DEBUG] cheese - null
[2020-08-15T13:12:19.374] [DEBUG] cheese - login => username:admin,password:123456
[2020-08-15T13:12:19.374] [DEBUG] cheese - admin
[2020-08-15T13:12:19.376] [DEBUG] cheese - null
[2020-08-15T13:12:19.376] [DEBUG] cheese - null
[2020-08-15T13:19:38.573] [DEBUG] cheese - login => username:admin,password:123456
[2020-08-15T13:19:38.573] [DEBUG] cheese - admin
[2020-08-15T13:19:38.575] [DEBUG] cheese - null
[2020-08-15T13:19:38.575] [DEBUG] cheese - null
[2020-08-15T14:15:07.737] [DEBUG] cheese - login => username:admin,password:123456
[2020-08-15T14:15:07.738] [DEBUG] cheese - admin
[2020-08-15T14:15:07.747] [DEBUG] cheese - null
[2020-08-15T14:15:07.748] [DEBUG] cheese - null
[2020-08-15T14:57:07.583] [DEBUG] cheese - login => username:admin,password:123456
[2020-08-15T14:57:07.583] [DEBUG] cheese - admin
[2020-08-15T14:57:07.587] [DEBUG] cheese - null
[2020-08-15T14:57:07.587] [DEBUG] cheese - null
[2020-08-15T16:19:47.760] [DEBUG] cheese - login => username:admin,password:123456
[2020-08-15T16:19:47.760] [DEBUG] cheese - admin
[2020-08-15T16:19:47.762] [DEBUG] cheese - null
[2020-08-15T16:19:47.762] [DEBUG] cheese - null
[2020-08-15T16:23:23.331] [DEBUG] cheese - login => username:admin,password:123456
[2020-08-15T16:23:23.331] [DEBUG] cheese - admin
[2020-08-15T16:23:23.332] [DEBUG] cheese - null
[2020-08-15T16:23:23.332] [DEBUG] cheese - null
[2020-08-15T17:57:03.405] [DEBUG] cheese - login => username:admin,password:123456
[2020-08-15T17:57:03.406] [DEBUG] cheese - admin
[2020-08-15T17:57:03.416] [DEBUG] cheese - null
[2020-08-15T17:57:03.416] [DEBUG] cheese - null
[2020-08-15T18:04:54.756] [DEBUG] cheese - login => username:admin,password:123456
[2020-08-15T18:04:54.757] [DEBUG] cheese - admin
[2020-08-15T18:04:54.766] [DEBUG] cheese - null
[2020-08-15T18:04:54.767] [DEBUG] cheese - null
[2020-08-15T18:43:19.639] [DEBUG] cheese - login => username:admin,password:123456
[2020-08-15T18:43:19.639] [DEBUG] cheese - admin
[2020-08-15T18:43:19.641] [DEBUG] cheese - null
[2020-08-15T18:43:19.641] [DEBUG] cheese - null
[2020-08-15T19:00:02.592] [DEBUG] cheese - login => username:admin,password:123456
[2020-08-15T19:00:02.592] [DEBUG] cheese - admin
[2020-08-15T19:00:02.596] [DEBUG] cheese - null
[2020-08-15T19:00:02.596] [DEBUG] cheese - null
[2020-08-15T19:10:07.713] [DEBUG] cheese - login => username:admin,password:123456
[2020-08-15T19:10:07.713] [DEBUG] cheese - admin
[2020-08-15T19:10:07.715] [DEBUG] cheese - null
[2020-08-15T19:10:07.715] [DEBUG] cheese - null
[2020-08-15T19:13:24.846] [DEBUG] cheese - login => username:admin,password:123456
[2020-08-15T19:13:24.847] [DEBUG] cheese - admin
[2020-08-15T19:13:24.849] [DEBUG] cheese - null
[2020-08-15T19:13:24.849] [DEBUG] cheese - null
[2020-08-15T21:34:30.618] [DEBUG] cheese - login => username:admin,password:123456
[2020-08-15T21:34:30.619] [DEBUG] cheese - admin
[2020-08-15T21:34:30.626] [DEBUG] cheese - null
[2020-08-15T21:34:30.627] [DEBUG] cheese - null
[2020-08-15T21:35:17.584] [DEBUG] cheese - login => username:admin,password:123456
[2020-08-15T21:35:17.584] [DEBUG] cheese - admin
[2020-08-15T21:35:17.586] [DEBUG] cheese - null
[2020-08-15T21:35:17.586] [DEBUG] cheese - null
[2020-08-15T21:46:13.635] [DEBUG] cheese - login => username:admin,password:123456
[2020-08-15T21:46:13.635] [DEBUG] cheese - admin
[2020-08-15T21:46:13.637] [DEBUG] cheese - null
[2020-08-15T21:46:13.637] [DEBUG] cheese - null
[2020-08-15T21:57:53.587] [DEBUG] cheese - login => username:admin,password:123456
[2020-08-15T21:57:53.587] [DEBUG] cheese - admin
[2020-08-15T21:57:53.589] [DEBUG] cheese - null
[2020-08-15T21:57:53.589] [DEBUG] cheese - null
[2020-08-15T22:22:07.243] [DEBUG] cheese - login => username:admin,password:123456
[2020-08-15T22:22:07.245] [DEBUG] cheese - admin
[2020-08-15T22:22:07.256] [DEBUG] cheese - null
[2020-08-15T22:22:07.257] [DEBUG] cheese - null
[2020-08-15T22:38:20.597] [DEBUG] cheese - login => username:admin,password:123456
[2020-08-15T22:38:20.598] [DEBUG] cheese - admin
[2020-08-15T22:38:20.600] [DEBUG] cheese - null
[2020-08-15T22:38:20.600] [DEBUG] cheese - null
[2020-08-16T08:25:31.946] [DEBUG] cheese - login => username:admin,password:123456
[2020-08-16T08:25:31.947] [DEBUG] cheese - admin
[2020-08-16T08:25:31.964] [DEBUG] cheese - null
[2020-08-16T08:25:31.964] [DEBUG] cheese - null
